<?xml version="1.0" encoding="UTF-8"?>
<!-- Generated by org.testng.reporters.JUnitReportReporter -->
<testsuite hostname="IN-MU-LT-J27150" name="runner.TestRunner" tests="1" failures="0" timestamp="24 Jan 2019 07:38:24 GMT" time="65.320" errors="0">
  <testcase name="feature" time="65.320" classname="runner.TestRunner"/>
</testsuite> <!-- runner.TestRunner -->
